<?xml version="1.0" encoding="UTF-8"?>
<!-- Generated by org.testng.reporters.JUnitReportReporter -->
<testsuite hostname="KALPESH" failures="0" tests="4" name="api.test.UserTests2" time="10.545" errors="0" timestamp="2023-03-28T20:27:59 IST" skipped="0">
  <testcase classname="api.test.UserTests2" name="testPostUser" time="6.182"/>
  <system-out/>
  <testcase classname="api.test.UserTests2" name="testGetUserByName" time="1.112"/>
  <system-out/>
  <testcase classname="api.test.UserTests2" name="testUpdateUserByName" time="2.197"/>
  <system-out/>
  <testcase classname="api.test.UserTests2" name="testDeleteUserByName" time="1.054"/>
  <system-out/>
</testsuite> <!-- api.test.UserTests2 -->
