<?xml version="1.0" encoding="UTF-8"?>
<!-- Generated by org.testng.reporters.JUnitReportReporter -->
<testsuite hostname="KALPESH" failures="0" tests="4" name="api.test.UserTests2" time="9.354" errors="0" timestamp="2023-03-30T14:31:32 IST" skipped="0">
  <testcase classname="api.test.UserTests2" name="testPostUser" time="3.950"/>
  <system-out/>
  <testcase classname="api.test.UserTests2" name="testGetUserByName" time="2.128"/>
  <system-out/>
  <testcase classname="api.test.UserTests2" name="testUpdateUserByName" time="2.225"/>
  <system-out/>
  <testcase classname="api.test.UserTests2" name="testDeleteUserByName" time="1.051"/>
  <system-out/>
</testsuite> <!-- api.test.UserTests2 -->
