<?xml version="1.0" encoding="UTF-8"?>
<!-- Generated by org.testng.reporters.JUnitReportReporter -->
<testsuite hostname="KALPESH" failures="0" tests="4" name="api.test.UserTests2" time="8.986" errors="0" timestamp="2023-03-30T17:29:45 IST" skipped="0">
  <testcase classname="api.test.UserTests2" name="testPostUser" time="4.482"/>
  <system-out/>
  <testcase classname="api.test.UserTests2" name="testGetUserByName" time="1.166"/>
  <system-out/>
  <testcase classname="api.test.UserTests2" name="testUpdateUserByName" time="2.248"/>
  <system-out/>
  <testcase classname="api.test.UserTests2" name="testDeleteUserByName" time="1.090"/>
  <system-out/>
</testsuite> <!-- api.test.UserTests2 -->
