<?xml version="1.0" encoding="UTF-8"?>
<!-- Generated by org.testng.reporters.JUnitReportReporter -->
<testsuite hostname="KALPESH" failures="0" tests="4" name="api.test.UserTests2" time="9.044" errors="0" timestamp="2023-04-03T11:23:27 IST" skipped="0">
  <testcase classname="api.test.UserTests2" name="testPostUser" time="4.598"/>
  <system-out/>
  <testcase classname="api.test.UserTests2" name="testGetUserByName" time="1.099"/>
  <system-out/>
  <testcase classname="api.test.UserTests2" name="testUpdateUserByName" time="2.259"/>
  <system-out/>
  <testcase classname="api.test.UserTests2" name="testDeleteUserByName" time="1.088"/>
  <system-out/>
</testsuite> <!-- api.test.UserTests2 -->
