<?xml version="1.0" encoding="UTF-8"?>
<!-- Generated by org.testng.reporters.JUnitReportReporter -->
<testsuite hostname="KALPESH" failures="0" tests="4" name="api.test.UserTests2" time="9.017" errors="0" timestamp="2023-03-30T16:49:48 IST" skipped="0">
  <testcase classname="api.test.UserTests2" name="testPostUser" time="4.243"/>
  <system-out/>
  <testcase classname="api.test.UserTests2" name="testGetUserByName" time="1.139"/>
  <system-out/>
  <testcase classname="api.test.UserTests2" name="testUpdateUserByName" time="2.277"/>
  <system-out/>
  <testcase classname="api.test.UserTests2" name="testDeleteUserByName" time="1.358"/>
  <system-out/>
</testsuite> <!-- api.test.UserTests2 -->
