<?xml version="1.0" encoding="UTF-8"?>
<!-- Generated by org.testng.reporters.JUnitReportReporter -->
<testsuite hostname="KALPESH" failures="0" tests="4" name="api.test.UserTests2" time="9.117" errors="0" timestamp="2023-03-30T20:15:27 IST" skipped="0">
  <testcase classname="api.test.UserTests2" name="testPostUser" time="4.638"/>
  <system-out/>
  <testcase classname="api.test.UserTests2" name="testGetUserByName" time="1.152"/>
  <system-out/>
  <testcase classname="api.test.UserTests2" name="testUpdateUserByName" time="2.210"/>
  <system-out/>
  <testcase classname="api.test.UserTests2" name="testDeleteUserByName" time="1.117"/>
  <system-out/>
</testsuite> <!-- api.test.UserTests2 -->
