<?xml version="1.0" encoding="UTF-8"?>
<!-- Generated by org.testng.reporters.JUnitReportReporter -->
<testsuite hostname="KALPESH" failures="0" tests="4" name="api.test.UserTests2" time="8.486" errors="0" timestamp="2023-04-02T22:11:23 IST" skipped="0">
  <testcase classname="api.test.UserTests2" name="testPostUser" time="3.946"/>
  <system-out/>
  <testcase classname="api.test.UserTests2" name="testGetUserByName" time="1.131"/>
  <system-out/>
  <testcase classname="api.test.UserTests2" name="testUpdateUserByName" time="2.281"/>
  <system-out/>
  <testcase classname="api.test.UserTests2" name="testDeleteUserByName" time="1.128"/>
  <system-out/>
</testsuite> <!-- api.test.UserTests2 -->
