<?xml version="1.0" encoding="UTF-8"?>
<!-- Generated by org.testng.reporters.JUnitReportReporter -->
<testsuite hostname="KALPESH" failures="0" tests="4" name="api.test.UserTests2" time="8.607" errors="0" timestamp="2023-03-30T22:23:17 IST" skipped="0">
  <testcase classname="api.test.UserTests2" name="testPostUser" time="4.170"/>
  <system-out/>
  <testcase classname="api.test.UserTests2" name="testGetUserByName" time="1.165"/>
  <system-out/>
  <testcase classname="api.test.UserTests2" name="testUpdateUserByName" time="2.223"/>
  <system-out/>
  <testcase classname="api.test.UserTests2" name="testDeleteUserByName" time="1.049"/>
  <system-out/>
</testsuite> <!-- api.test.UserTests2 -->
