<?xml version="1.0" encoding="UTF-8"?>
<!-- Generated by org.testng.reporters.JUnitReportReporter -->
<testsuite hostname="KALPESH" failures="0" tests="4" name="api.test.UserTests2" time="10.715" errors="0" timestamp="2023-04-02T22:46:13 IST" skipped="0">
  <testcase classname="api.test.UserTests2" name="testPostUser" time="6.326"/>
  <system-out/>
  <testcase classname="api.test.UserTests2" name="testGetUserByName" time="1.109"/>
  <system-out/>
  <testcase classname="api.test.UserTests2" name="testUpdateUserByName" time="2.187"/>
  <system-out/>
  <testcase classname="api.test.UserTests2" name="testDeleteUserByName" time="1.093"/>
  <system-out/>
</testsuite> <!-- api.test.UserTests2 -->
