<?xml version="1.0" encoding="UTF-8"?>
<!-- Generated by org.testng.reporters.JUnitReportReporter -->
<testsuite hostname="KALPESH" failures="0" tests="4" name="api.test.UserTests2" time="10.984" errors="0" timestamp="2023-03-31T22:52:00 IST" skipped="0">
  <testcase classname="api.test.UserTests2" name="testPostUser" time="6.443"/>
  <system-out/>
  <testcase classname="api.test.UserTests2" name="testGetUserByName" time="1.167"/>
  <system-out/>
  <testcase classname="api.test.UserTests2" name="testUpdateUserByName" time="2.250"/>
  <system-out/>
  <testcase classname="api.test.UserTests2" name="testDeleteUserByName" time="1.124"/>
  <system-out/>
</testsuite> <!-- api.test.UserTests2 -->
