<?xml version="1.0" encoding="UTF-8"?>
<!-- Generated by org.testng.reporters.JUnitReportReporter -->
<testsuite hostname="KALPESH" failures="0" tests="4" name="api.test.UserTests2" time="11.633" errors="0" timestamp="2023-03-28T23:17:33 IST" skipped="0">
  <testcase classname="api.test.UserTests2" name="testPostUser" time="6.528"/>
  <system-out/>
  <testcase classname="api.test.UserTests2" name="testGetUserByName" time="1.775"/>
  <system-out/>
  <testcase classname="api.test.UserTests2" name="testUpdateUserByName" time="2.262"/>
  <system-out/>
  <testcase classname="api.test.UserTests2" name="testDeleteUserByName" time="1.068"/>
  <system-out/>
</testsuite> <!-- api.test.UserTests2 -->
